<?xml version="1.0" encoding="UTF-8"?>
<testng-results skipped="0" failed="0" ignored="0" total="1" passed="1">
  <reporter-output>
  </reporter-output>
  <suite name="Default suite" duration-ms="148204" started-at="2019-07-09T12:08:27Z" finished-at="2019-07-09T12:10:55Z">
    <groups>
    </groups>
    <test name="Default test" duration-ms="148204" started-at="2019-07-09T12:08:27Z" finished-at="2019-07-09T12:10:55Z">
      <class name="com.example.test.BigmirLoginTest">
        <test-method status="PASS" signature="setUp()[pri:0, instance:com.example.test.BigmirLoginTest@262b2c86]" name="setUp" is-config="true" duration-ms="6031" started-at="2019-07-09T12:08:27Z" finished-at="2019-07-09T12:08:33Z">
          <reporter-output>
          </reporter-output>
        </test-method> <!-- setUp -->
        <test-method status="PASS" signature="bigmirLogin()[pri:0, instance:com.example.test.BigmirLoginTest@262b2c86]" name="bigmirLogin" duration-ms="141262" started-at="2019-07-09T12:08:33Z" finished-at="2019-07-09T12:10:54Z">
          <reporter-output>
          </reporter-output>
        </test-method> <!-- bigmirLogin -->
        <test-method status="PASS" signature="tearDown()[pri:0, instance:com.example.test.BigmirLoginTest@262b2c86]" name="tearDown" is-config="true" duration-ms="835" started-at="2019-07-09T12:10:55Z" finished-at="2019-07-09T12:10:55Z">
          <reporter-output>
          </reporter-output>
        </test-method> <!-- tearDown -->
      </class> <!-- com.example.test.BigmirLoginTest -->
    </test> <!-- Default test -->
  </suite> <!-- Default suite -->
</testng-results>
